<?xml version="1.0" encoding="UTF-8"?>
<!-- Generated by org.testng.reporters.JUnitReportReporter -->
<testsuite skipped="0" hostname="DESKTOP-1LUFCQJ" name="org.test1.SampleClass2" tests="3" failures="0" timestamp="08 Sep 2021 04:03:00 GMT" time="46.670" errors="0">
  <testcase name="tc22" time="11.507" classname="org.test1.SampleClass2"/>
  <testcase name="tc22" time="11.338" classname="org.test1.SampleClass2"/>
  <testcase name="tc22" time="23.825" classname="org.test1.SampleClass2"/>
</testsuite> <!-- org.test1.SampleClass2 -->
