<?xml version="1.0" encoding="UTF-8"?>
<!-- Generated by org.testng.reporters.JUnitReportReporter -->
<testsuite skipped="0" hostname="DESKTOP-1LUFCQJ" name="org.test1.Trail" tests="1" failures="0" timestamp="13 Dec 2021 10:32:52 GMT" time="21.543" errors="0">
  <testcase name="tca" time="21.543" classname="org.test1.Trail"/>
</testsuite> <!-- org.test1.Trail -->
