<?xml version="1.0" encoding="UTF-8"?>
<!-- Generated by org.testng.reporters.JUnitReportReporter -->
<testsuite skipped="0" hostname="DESKTOP-1LUFCQJ" name="org.test1.SampleClass" tests="1" failures="0" timestamp="07 Sep 2021 04:18:26 GMT" time="11.165" errors="0">
  <testcase name="tc1" time="11.165" classname="org.test1.SampleClass"/>
</testsuite> <!-- org.test1.SampleClass -->
